
> pca-agent-frontend@0.1.0 dev
> next dev

   ▲ Next.js 16.0.10 (Turbopack)
   - Local:         http://localhost:3000
   - Network:       http://192.168.1.11:3000
   - Environments: .env.local

 ✓ Starting...
 ✓ Ready in 506ms
 GET /upload 200 in 1482ms (compile: 1406ms, render: 75ms)
 GET /upload 200 in 16ms (compile: 1381µs, render: 15ms)
 GET /upload 200 in 43ms (compile: 5ms, render: 39ms)
 GET /upload 200 in 92ms (compile: 9ms, render: 83ms)
 GET /login 200 in 441ms (compile: 423ms, render: 18ms)
 GET / 200 in 444ms (compile: 388ms, render: 56ms)
 GET /upload 200 in 93ms (compile: 9ms, render: 84ms)
 GET /login 200 in 21ms (compile: 3ms, render: 18ms)
 GET / 200 in 250ms (compile: 14ms, render: 237ms)
 GET /upload 200 in 69ms (compile: 6ms, render: 63ms)
 GET /login 200 in 42ms (compile: 10ms, render: 32ms)
 GET /analysis 200 in 1144ms (compile: 1060ms, render: 84ms)
 GET /login 200 in 86ms (compile: 7ms, render: 79ms)
 GET /non-existent-page 404 in 544ms (compile: 453ms, render: 91ms)
 GET /upload 200 in 153ms (compile: 7ms, render: 146ms)
 GET /login 200 in 83ms (compile: 8ms, render: 75ms)
 GET / 200 in 55ms (compile: 10ms, render: 44ms)
 GET /upload 200 in 11ms (compile: 3ms, render: 8ms)
 ✓ Compiled in 50ms
 ✓ Compiled in 59ms
 GET /upload 200 in 130ms (compile: 69ms, render: 61ms)
 GET /analysis 200 in 28ms (compile: 8ms, render: 20ms)
 GET /visualizations-2 200 in 1391ms (compile: 1375ms, render: 16ms)
 GET /visualizations-2 200 in 10ms (compile: 1173µs, render: 8ms)
 ✓ Compiled in 32ms
 GET /upload 200 in 78ms (compile: 64ms, render: 13ms)
 GET /rag-summary 200 in 195ms (compile: 163ms, render: 32ms)
 GET /upload 200 in 92ms (compile: 6ms, render: 86ms)
 GET /analysis 200 in 22ms (compile: 6ms, render: 16ms)
 GET /analysis 200 in 51ms (compile: 14ms, render: 36ms)
 GET /visualizations-2 200 in 28ms (compile: 9ms, render: 19ms)
 GET /visualizations-2 200 in 130ms (compile: 16ms, render: 114ms)
 GET /upload 200 in 23ms (compile: 7ms, render: 16ms)
 GET /upload 200 in 53ms (compile: 16ms, render: 37ms)
 GET /analysis 200 in 24ms (compile: 7ms, render: 17ms)
 GET /analysis 200 in 84ms (compile: 9ms, render: 75ms)
 GET /visualizations-2 200 in 29ms (compile: 9ms, render: 20ms)
 ✓ Compiled in 162ms
 GET /visualizations-2 200 in 175ms (compile: 67ms, render: 108ms)
 GET /visualizations-2 200 in 80ms (compile: 6ms, render: 74ms)
 GET /visualizations-2 200 in 40ms (compile: 8ms, render: 32ms)
 GET /visualizations-2 200 in 34ms (compile: 9ms, render: 25ms)
 GET /visualizations-2 200 in 46ms (compile: 12ms, render: 33ms)
 GET /visualizations-2 200 in 105ms (compile: 13ms, render: 92ms)
 GET /in-depth-analysis 200 in 496ms (compile: 485ms, render: 10ms)
 GET /chat 200 in 423ms (compile: 415ms, render: 7ms)
 GET /chat 200 in 69ms (compile: 5ms, render: 64ms)
 GET /chat 200 in 129ms (compile: 8ms, render: 121ms)
 GET /chat 200 in 104ms (compile: 10ms, render: 94ms)
 GET /chat 200 in 166ms (compile: 7ms, render: 159ms)
 GET /chat 200 in 162ms (compile: 20ms, render: 143ms)
 GET /chat 200 in 151ms (compile: 14ms, render: 137ms)
 GET /visualizations-2 200 in 35ms (compile: 14ms, render: 21ms)
 GET /in-depth-analysis 200 in 21ms (compile: 7ms, render: 14ms)
 GET /chat 200 in 20ms (compile: 4ms, render: 16ms)
 GET /upload 200 in 55ms (compile: 10ms, render: 45ms)
 GET /chat 200 in 204ms (compile: 9ms, render: 195ms)
 GET /chat 200 in 46ms (compile: 13ms, render: 33ms)
 GET /chat 200 in 107ms (compile: 9ms, render: 98ms)
 GET /chat 200 in 32ms (compile: 5ms, render: 27ms)
 GET /analysis 200 in 132ms (compile: 15ms, render: 117ms)
 GET /visualizations-2 200 in 172ms (compile: 65ms, render: 107ms)
 GET /chat 200 in 73ms (compile: 12ms, render: 61ms)
 GET /chat 200 in 254ms (compile: 66ms, render: 188ms)
 GET /chat 200 in 118ms (compile: 19ms, render: 98ms)
 GET /chat 200 in 70ms (compile: 20ms, render: 50ms)
 GET /chat 200 in 40ms (compile: 5ms, render: 35ms)
 GET /rag-summary 200 in 28ms (compile: 8ms, render: 20ms)
 GET /rag 200 in 397ms (compile: 380ms, render: 17ms)
 GET /rag 200 in 103ms (compile: 28ms, render: 75ms)
 GET /rag-summary 200 in 119ms (compile: 8ms, render: 111ms)
 GET /rag 200 in 69ms (compile: 13ms, render: 56ms)
 GET /rag-summary 200 in 127ms (compile: 31ms, render: 95ms)
 GET /rag-summary 200 in 161ms (compile: 21ms, render: 140ms)
 GET / 200 in 2.2s (compile: 340ms, render: 1828ms)
 GET / 200 in 264ms (compile: 24ms, render: 240ms)
 GET /rag-summary 200 in 229ms (compile: 29ms, render: 200ms)
 GET /rag-summary 200 in 181ms (compile: 35ms, render: 147ms)
 GET /rag 200 in 59ms (compile: 5ms, render: 54ms)
