
> pca-agent-frontend@0.1.0 dev
> next dev

 ⚠ Port 3000 is in use by process 15788, using available port 3001 instead.
   ▲ Next.js 16.0.10 (Turbopack)
   - Local:         http://localhost:3001
   - Network:       http://192.168.1.11:3001
   - Environments: .env.local

 ✓ Starting GET /login 200 in 236ms (compile: 198ms, render: 38ms)
 GET / 200 in 66ms (compile: 6ms, render: 60ms)
 GET / 200 in 93ms (compile: 5ms, render: 87ms)
 GET / 200 in 115ms (compile: 7ms, render: 108ms)
 GET / 200 in 72ms (compile: 6ms, render: 66ms)
 GET / 200 in 122ms (compile: 12ms, render: 110ms)
 GET / 200 in 124ms (compile: 11ms, render: 113ms)
 GET / 200 in 136ms (compile: 10ms, render: 126ms)
 GET / 200 in 24ms (compile: 4ms, render: 19ms)
 GET / 200 in 67ms (compile: 6ms, render: 61ms)
 GET /upload 200 in 298ms (compile: 290ms, render: 9ms)
 GET /rag-summary 200 in 159ms (compile: 154ms, render: 6ms)
 GET /rag 200 in 154ms (compile: 148ms, render: 6ms)
 GET /analysis 200 in 179ms (compile: 173ms, render: 6ms)
 GET /visualizations-2 200 in 1092ms (compile: 1086ms, render: 6ms)
 GET /analysis 200 in 25ms (compile: 6ms, render: 19ms)
 GET /apple-touch-icon.png 404 in 138ms (compile: 114ms, render: 24ms)
 GET /apple-touch-icon-precomposed.png 404 in 145ms (compile: 128ms, render: 17ms)
 GET /apple-touch-icon-precomposed.png 404 in 34ms (compile: 3ms, render: 31ms)
 GET /apple-touch-icon.png 404 in 34ms (compile: 19ms, render: 15ms)
 GET /visualizations-2 200 in 23ms (compile: 6ms, render: 17ms)
 GET /apple-touch-icon-precomposed.png 404 in 52ms (compile: 6ms, render: 46ms)
 GET /apple-touch-icon.png 404 in 54ms (compile: 31ms, render: 23ms)
 GET /in-depth-analysis 200 in 360ms (compile: 354ms, render: 6ms)
 GET /pacing-reports 200 in 149ms (compile: 143ms, render: 6ms)
 GET /apple-touch-icon-precomposed.png 404 in 38ms (compile: 8ms, render: 30ms)
 GET /apple-touch-icon.png 404 in 20ms (compile: 5ms, render: 15ms)
 GET /apple-touch-icon-precomposed.png 404 in 33ms (compile: 1841µs, render: 32ms)
 GET /apple-touch-icon.png 404 in 20ms (compile: 3ms, render: 17ms)
 GET /chat 200 in 297ms (compile: 289ms, render: 8ms)
 GET /apple-touch-icon-precomposed.png 404 in 53ms (compile: 11ms, render: 42ms)
 GET /apple-touch-icon.png 404 in 50ms (compile: 32ms, render: 18ms)
 GET /apple-touch-icon.png 404 in 46ms (compile: 20ms, render: 26ms)
 GET /apple-touch-icon-precomposed.png 404 in 48ms (compile: 6ms, render: 42ms)
 GET / 200 in 133ms (compile: 13ms, render: 121ms)
 GET /visualizations-2 200 in 27ms (compile: 11ms, render: 17ms)
 GET /upload 200 in 25ms (compile: 7ms, render: 18ms)
 GET /apple-touch-icon-precomposed.png 404 in 52ms (compile: 10ms, render: 42ms)
 GET /apple-touch-icon.png 404 in 51ms (compile: 32ms, render: 19ms)
 GET / 200 in 132ms (compile: 5ms, render: 126ms)
 GET /upload 200 in 71ms (compile: 5ms, render: 67ms)
 GET /apple-touch-icon-precomposed.png 404 in 71ms (compile: 7ms, render: 64ms)
 GET /apple-touch-icon.png 404 in 25ms (compile: 5ms, render: 20ms)
 GET /upload 200 in 55ms (compile: 11ms, render: 44ms)
